<?xml version="1.0" encoding="UTF-8"?>
<!-- Generated by org.testng.reporters.JUnitReportReporter -->
<testsuite hostname="EGOR-PC" name="AutoTests" tests="10" failures="0" timestamp="26 May 2016 21:07:39 GMT" time="144.627" errors="0">
  <testcase name="Nap_alc" time="11.732" classname="AutoTests"/>
  <testcase name="Alcogolik" time="12.393" classname="AutoTests"/>
  <testcase name="SahBrag" time="9.409" classname="AutoTests"/>
  <testcase name="CalcAlc" time="20.353" classname="AutoTests"/>
  <testcase name="Comment" time="16.195" classname="AutoTests"/>
  <testcase name="Test_alc" time="26.420" classname="AutoTests"/>
  <testcase name="Enter" time="10.103" classname="AutoTests"/>
  <testcase name="NapYou" time="12.615" classname="AutoTests"/>
  <testcase name="DilSpirt" time="13.158" classname="AutoTests"/>
  <testcase name="Superman" time="12.249" classname="AutoTests"/>
</testsuite> <!-- AutoTests -->
